codelab-android-dagger-main/app/build/intermediates/manifest_merge_blame_file/debug/manifest-merger-blame-debug-report.txt
1<?xml version="1.0" encoding="utf-8"?>
2<!--
3  ~ Copyright (C) 2019 The Android Open Source Project
4  ~
5  ~ Licensed under the Apache License, Version 2.0 (the "License");
6  ~ you may not use this file except in compliance with the License.
7  ~ You may obtain a copy of the License at
8  ~
9  ~ http://www.apache.org/licenses/LICENSE-2.0
10  ~
11  ~ Unless required by applicable law or agreed to in writing, software
12  ~ distributed under the License is distributed on an "AS IS" BASIS,
13  ~ WITHOUT WARRANTIES OR CONDITIONS OF ANY KIND, either express or implied.
14  ~ See the License for the specific language governing permissions and
15  ~ limitations under the License.
16-->
17<manifest xmlns:android="http://schemas.android.com/apk/res/android"
18    package="com.example.android.dagger"
19    android:versionCode="1"
20    android:versionName="1.0" >
21
22    <uses-sdk
23        android:minSdkVersion="14"
23-->src/main/AndroidManifest.xml
24        android:targetSdkVersion="32" />
24-->src/main/AndroidManifest.xml
25
26    <application
26-->src/main/AndroidManifest.xml:22:5-60:19
27        android:name="com.example.android.dagger.MyApplication"
27-->src/main/AndroidManifest.xml:23:9-38
28        android:allowBackup="true"
28-->src/main/AndroidManifest.xml:24:9-35
29        android:appComponentFactory="androidx.core.app.CoreComponentFactory"
29-->[androidx.core:core:1.7.0] AndroidManifest.xml:24:18-86
30        android:debuggable="true"
31        android:icon="@mipmap/ic_launcher"
31-->src/main/AndroidManifest.xml:25:9-43
32        android:label="@string/app_name"
32-->src/main/AndroidManifest.xml:26:9-41
33        android:roundIcon="@mipmap/ic_launcher_round"
33-->src/main/AndroidManifest.xml:27:9-54
34        android:supportsRtl="true"
34-->src/main/AndroidManifest.xml:28:9-35
35        android:testOnly="true"
36        android:theme="@style/AppTheme" >
36-->src/main/AndroidManifest.xml:29:9-40
37        <activity
37-->src/main/AndroidManifest.xml:30:9-39:20
38            android:name="com.example.android.dagger.splash.SplashActivity"
38-->src/main/AndroidManifest.xml:31:13-50
39            android:exported="true"
39-->src/main/AndroidManifest.xml:32:13-36
40            android:screenOrientation="portrait" >
40-->src/main/AndroidManifest.xml:33:13-49
41            <intent-filter>
41-->src/main/AndroidManifest.xml:35:13-38:29
42                <action android:name="android.intent.action.MAIN" />
42-->src/main/AndroidManifest.xml:36:17-69
42-->src/main/AndroidManifest.xml:36:25-66
43
44                <category android:name="android.intent.category.LAUNCHER" />
44-->src/main/AndroidManifest.xml:37:17-77
44-->src/main/AndroidManifest.xml:37:27-74
45            </intent-filter>
46        </activity>
47        <activity
47-->src/main/AndroidManifest.xml:40:9-44:55
48            android:name="com.example.android.dagger.main.MainActivity"
48-->src/main/AndroidManifest.xml:41:13-46
49            android:exported="false"
49-->src/main/AndroidManifest.xml:42:13-37
50            android:screenOrientation="portrait" />
50-->src/main/AndroidManifest.xml:43:13-49
51        <activity
51-->src/main/AndroidManifest.xml:45:9-49:55
52            android:name="com.example.android.dagger.registration.RegistrationActivity"
52-->src/main/AndroidManifest.xml:46:13-62
53            android:exported="false"
53-->src/main/AndroidManifest.xml:47:13-37
54            android:screenOrientation="portrait" />
54-->src/main/AndroidManifest.xml:48:13-49
55        <activity
55-->src/main/AndroidManifest.xml:50:9-54:55
56            android:name="com.example.android.dagger.login.LoginActivity"
56-->src/main/AndroidManifest.xml:51:13-48
57            android:exported="false"
57-->src/main/AndroidManifest.xml:52:13-37
58            android:screenOrientation="portrait" />
58-->src/main/AndroidManifest.xml:53:13-49
59        <activity
59-->src/main/AndroidManifest.xml:55:9-59:55
60            android:name="com.example.android.dagger.settings.SettingsActivity"
60-->src/main/AndroidManifest.xml:56:13-54
61            android:exported="false"
61-->src/main/AndroidManifest.xml:57:13-37
62            android:screenOrientation="portrait" />
62-->src/main/AndroidManifest.xml:58:13-49
63
64        <provider
64-->[androidx.emoji2:emoji2:1.0.0] AndroidManifest.xml:26:9-34:20
65            android:name="androidx.startup.InitializationProvider"
65-->[androidx.emoji2:emoji2:1.0.0] AndroidManifest.xml:27:13-67
66            android:authorities="com.example.android.dagger.androidx-startup"
66-->[androidx.emoji2:emoji2:1.0.0] AndroidManifest.xml:28:13-68
67            android:exported="false" >
67-->[androidx.emoji2:emoji2:1.0.0] AndroidManifest.xml:29:13-37
68            <meta-data
68-->[androidx.emoji2:emoji2:1.0.0] AndroidManifest.xml:31:13-33:52
69                android:name="androidx.emoji2.text.EmojiCompatInitializer"
69-->[androidx.emoji2:emoji2:1.0.0] AndroidManifest.xml:32:17-75
70                android:value="androidx.startup" />
70-->[androidx.emoji2:emoji2:1.0.0] AndroidManifest.xml:33:17-49
71            <meta-data
71-->[androidx.lifecycle:lifecycle-process:2.4.0] AndroidManifest.xml:31:13-33:52
72                android:name="androidx.lifecycle.ProcessLifecycleInitializer"
72-->[androidx.lifecycle:lifecycle-process:2.4.0] AndroidManifest.xml:32:17-78
73                android:value="androidx.startup" />
73-->[androidx.lifecycle:lifecycle-process:2.4.0] AndroidManifest.xml:33:17-49
74        </provider>
75    </application>
76
77</manifest>